0 info it worked if it ends with ok
1 verbose cli [ '/usr/local/bin/node', '/usr/local/bin/npm', 'publish' ]
2 info using npm@2.15.9
3 info using node@v4.6.0
4 verbose publish [ '.' ]
5 silly cache add args [ '.', null ]
6 verbose cache add spec .
7 silly cache add parsed spec Result {
7 silly cache add   raw: '.',
7 silly cache add   scope: null,
7 silly cache add   name: null,
7 silly cache add   rawSpec: '.',
7 silly cache add   spec: '/Applications/MAMP/htdocs/s3bubble-javascript',
7 silly cache add   type: 'directory' }
8 verbose addLocalDirectory /Users/samueleast/.npm/s3bubble-javascript/1.0.1/package.tgz not in flight; packing
9 verbose correctMkdir /Users/samueleast/.npm correctMkdir not in flight; initializing
10 verbose tar pack [ '/Users/samueleast/.npm/s3bubble-javascript/1.0.1/package.tgz',
10 verbose tar pack   '/Applications/MAMP/htdocs/s3bubble-javascript' ]
11 verbose tarball /Users/samueleast/.npm/s3bubble-javascript/1.0.1/package.tgz
12 verbose folder /Applications/MAMP/htdocs/s3bubble-javascript
13 info prepublish s3bubble-javascript@1.0.1
14 verbose addLocalTarball adding from inside cache /Users/samueleast/.npm/s3bubble-javascript/1.0.1/package.tgz
15 verbose correctMkdir /Users/samueleast/.npm correctMkdir not in flight; initializing
16 silly cache afterAdd s3bubble-javascript@1.0.1
17 verbose afterAdd /Users/samueleast/.npm/s3bubble-javascript/1.0.1/package/package.json not in flight; writing
18 verbose correctMkdir /Users/samueleast/.npm correctMkdir not in flight; initializing
19 verbose afterAdd /Users/samueleast/.npm/s3bubble-javascript/1.0.1/package/package.json written
20 silly publish { name: 's3bubble-javascript',
20 silly publish   version: '1.0.1',
20 silly publish   description: 'Main S3Bubble JS Library',
20 silly publish   main: 's3bubble.min.js',
20 silly publish   scripts: { test: 'echo "Error: no test specified" && exit 1' },
20 silly publish   repository:
20 silly publish    { type: 'git',
20 silly publish      url: 'git@github-s3bubble:s3bubble/s3bubble.git' },
20 silly publish   keywords:
20 silly publish    [ 'AWS',
20 silly publish      'Amazon',
20 silly publish      'JWPlayer',
20 silly publish      'VideoJS',
20 silly publish      'Cloudfront',
20 silly publish      'S3',
20 silly publish      'Cloud',
20 silly publish      'Netflix',
20 silly publish      'Video',
20 silly publish      'Audio' ],
20 silly publish   author: { name: 'S3Bubble' },
20 silly publish   license: 'ISC',
20 silly publish   readme: '## S3bubble JavaScript Library\n\nHere you can download the JavaScript library to use within your own projects\n\n## Latest Release\n\n[Download](https://github.com/s3bubble/s3bubble/releases)\n\n## Live Examples\n\n[S3Bubble Official Documentation](https://s3bubble.com/documentation)\n\n## Installation & Setup\n\nDownload and add the files to your project\n\n## Change Log\n',
20 silly publish   readmeFilename: 'README.md',
20 silly publish   gitHead: 'd4ba8cef5ad076b18ce26ca2e5b792b89880705d',
20 silly publish   _id: 's3bubble-javascript@1.0.1',
20 silly publish   _shasum: '017207364ab206e9cbdbf0f57bc569c91a9c2834',
20 silly publish   _from: '.' }
21 verbose getPublishConfig undefined
22 silly mapToRegistry name s3bubble-javascript
23 silly mapToRegistry using default registry
24 silly mapToRegistry registry https://registry.npmjs.org/
25 silly mapToRegistry data Result {
25 silly mapToRegistry   raw: 's3bubble-javascript',
25 silly mapToRegistry   scope: null,
25 silly mapToRegistry   name: 's3bubble-javascript',
25 silly mapToRegistry   rawSpec: '',
25 silly mapToRegistry   spec: 'latest',
25 silly mapToRegistry   type: 'tag' }
26 silly mapToRegistry uri https://registry.npmjs.org/s3bubble-javascript
27 verbose publish registryBase https://registry.npmjs.org/
28 silly publish uploading /Users/samueleast/.npm/s3bubble-javascript/1.0.1/package.tgz
29 verbose request uri https://registry.npmjs.org/s3bubble-javascript
30 verbose request sending authorization for write operation
31 info attempt registry request try #1 at 2:53:54 PM
32 verbose request using bearer token for auth
33 verbose request id 85bc3627a6c029c4
34 http request PUT https://registry.npmjs.org/s3bubble-javascript
35 http 403 https://registry.npmjs.org/s3bubble-javascript
36 verbose headers { 'content-type': 'application/json',
36 verbose headers   'cache-control': 'max-age=300',
36 verbose headers   'content-length': '91',
36 verbose headers   'accept-ranges': 'bytes',
36 verbose headers   date: 'Tue, 29 Aug 2017 13:53:56 GMT',
36 verbose headers   via: '1.1 varnish',
36 verbose headers   connection: 'keep-alive',
36 verbose headers   'x-served-by': 'cache-lcy1125-LCY',
36 verbose headers   'x-cache': 'MISS',
36 verbose headers   'x-cache-hits': '0',
36 verbose headers   'x-timer': 'S1504014835.072003,VS0,VE1508',
36 verbose headers   vary: 'Accept-Encoding, Accept' }
37 verbose request invalidating /Users/samueleast/.npm/registry.npmjs.org/s3bubble-javascript on PUT
38 error publish Failed PUT 403
39 verbose stack Error: You cannot publish over the previously published version 1.0.1. : s3bubble-javascript
39 verbose stack     at makeError (/usr/local/lib/node_modules/npm/node_modules/npm-registry-client/lib/request.js:264:12)
39 verbose stack     at CachingRegistryClient.<anonymous> (/usr/local/lib/node_modules/npm/node_modules/npm-registry-client/lib/request.js:252:14)
39 verbose stack     at Request._callback (/usr/local/lib/node_modules/npm/node_modules/npm-registry-client/lib/request.js:172:14)
39 verbose stack     at Request.self.callback (/usr/local/lib/node_modules/npm/node_modules/request/request.js:200:22)
39 verbose stack     at emitTwo (events.js:87:13)
39 verbose stack     at Request.emit (events.js:172:7)
39 verbose stack     at Request.<anonymous> (/usr/local/lib/node_modules/npm/node_modules/request/request.js:1067:10)
39 verbose stack     at emitOne (events.js:82:20)
39 verbose stack     at Request.emit (events.js:169:7)
39 verbose stack     at IncomingMessage.<anonymous> (/usr/local/lib/node_modules/npm/node_modules/request/request.js:988:12)
40 verbose statusCode 403
41 verbose pkgid s3bubble-javascript
42 verbose cwd /Applications/MAMP/htdocs/s3bubble-javascript
43 error Darwin 16.7.0
44 error argv "/usr/local/bin/node" "/usr/local/bin/npm" "publish"
45 error node v4.6.0
46 error npm  v2.15.9
47 error code E403
48 error You cannot publish over the previously published version 1.0.1. : s3bubble-javascript
49 error If you need help, you may report this error at:
49 error     <https://github.com/npm/npm/issues>
50 verbose exit [ 1, true ]
